# JRE version: OpenJDK Runtime Environment Temurin-17.0.15+6 (17.0.15+6) (build 17.0.15+6)
# Java VM: OpenJDK 64-Bit Server VM Temurin-17.0.15+6 (17.0.15+6, mixed mode, sharing, tiered, compressed oops, compressed class ptrs, g1 gc, windows-amd64)
GC Precious Log:
 CPUs: 8 total, 8 available
 Memory: 24454M
 Large Page Support: Disabled
 NUMA Support: Disabled
 Compressed Oops: Enabled (Zero based)
 Heap Region Size: 4M
 Heap Min Capacity: 8M
 Heap Initial Capacity: 384M
 Heap Max Capacity: 6116M
 Pre-touch: Disabled
 Parallel Workers: 8
 Concurrent Workers: 2
 Concurrent Refinement Workers: 8
 Periodic GC: Disabled
Heap:
 garbage-first heap   total 122880K, used 71701K [0x0000000681c00000, 0x0000000800000000)
  region size 4096K, 8 young (32768K), 1 survivors (4096K)
 Metaspace       used 86341K, committed 87104K, reserved 1179648K
  class space    used 11753K, committed 12160K, reserved 1048576K
GC Heap History (20 events):
Event: 1431.826 GC heap before
{Heap before GC invocations=28 (full 0):
 garbage-first heap   total 122880K, used 103850K [0x0000000681c00000, 0x0000000800000000)
  region size 4096K, 15 young (61440K), 1 survivors (4096K)
 Metaspace       used 86068K, committed 86848K, reserved 1179648K
  class space    used 11751K, committed 12160K, reserved 1048576K
}
Event: 1431.828 GC heap after
{Heap after GC invocations=29 (full 0):
 garbage-first heap   total 122880K, used 46486K [0x0000000681c00000, 0x0000000800000000)
  region size 4096K, 1 young (4096K), 1 survivors (4096K)
 Metaspace       used 86068K, committed 86848K, reserved 1179648K
  class space    used 11751K, committed 12160K, reserved 1048576K
}
Event: 1659.271 GC heap before
{Heap before GC invocations=29 (full 0):
 garbage-first heap   total 122880K, used 103830K [0x0000000681c00000, 0x0000000800000000)
  region size 4096K, 15 young (61440K), 1 survivors (4096K)
 Metaspace       used 86071K, committed 86848K, reserved 1179648K
  class space    used 11751K, committed 12160K, reserved 1048576K
}
Event: 1659.277 GC heap after
{Heap after GC invocations=30 (full 0):
 garbage-first heap   total 122880K, used 46459K [0x0000000681c00000, 0x0000000800000000)
  region size 4096K, 1 young (4096K), 1 survivors (4096K)
 Metaspace       used 86071K, committed 86848K, reserved 1179648K
  class space    used 11751K, committed 12160K, reserved 1048576K
}
Event: 1881.514 GC heap before
{Heap before GC invocations=30 (full 0):
 garbage-first heap   total 122880K, used 103803K [0x0000000681c00000, 0x0000000800000000)
  region size 4096K, 15 young (61440K), 1 survivors (4096K)
 Metaspace       used 86080K, committed 86848K, reserved 1179648K
  class space    used 11752K, committed 12160K, reserved 1048576K
}
Event: 1881.517 GC heap after
{Heap after GC invocations=31 (full 0):
 garbage-first heap   total 122880K, used 46495K [0x0000000681c00000, 0x0000000800000000)
  region size 4096K, 1 young (4096K), 1 survivors (4096K)
 Metaspace       used 86080K, committed 86848K, reserved 1179648K
  class space    used 11752K, committed 12160K, reserved 1048576K
}
Event: 2109.058 GC heap before
{Heap before GC invocations=31 (full 0):
 garbage-first heap   total 122880K, used 103839K [0x0000000681c00000, 0x0000000800000000)
  region size 4096K, 15 young (61440K), 1 survivors (4096K)
 Metaspace       used 86083K, committed 86848K, reserved 1179648K
  class space    used 11752K, committed 12160K, reserved 1048576K
}
Event: 2109.061 GC heap after
{Heap after GC invocations=32 (full 0):
 garbage-first heap   total 122880K, used 46538K [0x0000000681c00000, 0x0000000800000000)
  region size 4096K, 1 young (4096K), 1 survivors (4096K)
 Metaspace       used 86083K, committed 86848K, reserved 1179648K
  class space    used 11752K, committed 12160K, reserved 1048576K
}
Event: 2335.828 GC heap before
{Heap before GC invocations=32 (full 0):
 garbage-first heap   total 122880K, used 103882K [0x0000000681c00000, 0x0000000800000000)
  region size 4096K, 15 young (61440K), 1 survivors (4096K)
 Metaspace       used 86085K, committed 86848K, reserved 1179648K
  class space    used 11752K, committed 12160K, reserved 1048576K
}
Event: 2335.830 GC heap after
{Heap after GC invocations=33 (full 0):
 garbage-first heap   total 122880K, used 46371K [0x0000000681c00000, 0x0000000800000000)
  region size 4096K, 1 young (4096K), 1 survivors (4096K)
 Metaspace       used 86085K, committed 86848K, reserved 1179648K
  class space    used 11752K, committed 12160K, reserved 1048576K
}
Event: 2560.796 GC heap before
{Heap before GC invocations=33 (full 0):
 garbage-first heap   total 122880K, used 103715K [0x0000000681c00000, 0x0000000800000000)
  region size 4096K, 15 young (61440K), 1 survivors (4096K)
 Metaspace       used 86108K, committed 86976K, reserved 1179648K
  class space    used 11752K, committed 12160K, reserved 1048576K
}
Event: 2560.798 GC heap after
{Heap after GC invocations=34 (full 0):
 garbage-first heap   total 122880K, used 46509K [0x0000000681c00000, 0x0000000800000000)
  region size 4096K, 1 young (4096K), 1 survivors (4096K)
 Metaspace       used 86108K, committed 86976K, reserved 1179648K
  class space    used 11752K, committed 12160K, reserved 1048576K
}
Event: 5434.079 GC heap before
{Heap before GC invocations=34 (full 0):
 garbage-first heap   total 122880K, used 103853K [0x0000000681c00000, 0x0000000800000000)
  region size 4096K, 15 young (61440K), 1 survivors (4096K)
 Metaspace       used 86121K, committed 86976K, reserved 1179648K
  class space    used 11752K, committed 12160K, reserved 1048576K
}
Event: 5434.082 GC heap after
{Heap after GC invocations=35 (full 0):
 garbage-first heap   total 122880K, used 46431K [0x0000000681c00000, 0x0000000800000000)
  region size 4096K, 1 young (4096K), 1 survivors (4096K)
 Metaspace       used 86121K, committed 86976K, reserved 1179648K
  class space    used 11752K, committed 12160K, reserved 1048576K
}
Event: 5654.560 GC heap before
{Heap before GC invocations=35 (full 0):
 garbage-first heap   total 122880K, used 103775K [0x0000000681c00000, 0x0000000800000000)
  region size 4096K, 15 young (61440K), 1 survivors (4096K)
 Metaspace       used 86144K, committed 86976K, reserved 1179648K
  class space    used 11753K, committed 12160K, reserved 1048576K
}
Event: 5654.563 GC heap after
{Heap after GC invocations=36 (full 0):
 garbage-first heap   total 122880K, used 47016K [0x0000000681c00000, 0x0000000800000000)
  region size 4096K, 1 young (4096K), 1 survivors (4096K)
 Metaspace       used 86144K, committed 86976K, reserved 1179648K
  class space    used 11753K, committed 12160K, reserved 1048576K
}
Event: 5881.272 GC heap before
{Heap before GC invocations=36 (full 0):
 garbage-first heap   total 122880K, used 104360K [0x0000000681c00000, 0x0000000800000000)
  region size 4096K, 15 young (61440K), 1 survivors (4096K)
 Metaspace       used 86149K, committed 86976K, reserved 1179648K
  class space    used 11753K, committed 12160K, reserved 1048576K
}
Event: 5881.274 GC heap after
{Heap after GC invocations=37 (full 0):
 garbage-first heap   total 122880K, used 46943K [0x0000000681c00000, 0x0000000800000000)
  region size 4096K, 1 young (4096K), 1 survivors (4096K)
 Metaspace       used 86149K, committed 86976K, reserved 1179648K
  class space    used 11753K, committed 12160K, reserved 1048576K
}
Event: 6095.947 GC heap before
{Heap before GC invocations=37 (full 0):
 garbage-first heap   total 122880K, used 104287K [0x0000000681c00000, 0x0000000800000000)
  region size 4096K, 15 young (61440K), 1 survivors (4096K)
 Metaspace       used 86211K, committed 87040K, reserved 1179648K
  class space    used 11753K, committed 12160K, reserved 1048576K
}
Event: 6095.950 GC heap after
{Heap after GC invocations=38 (full 0):
 garbage-first heap   total 122880K, used 47125K [0x0000000681c00000, 0x0000000800000000)
  region size 4096K, 1 young (4096K), 1 survivors (4096K)
 Metaspace       used 86211K, committed 87040K, reserved 1179648K
  class space    used 11753K, committed 12160K, reserved 1048576K
}

