# JRE version: OpenJDK Runtime Environment Temurin-21.0.6+7 (21.0.6+7) (build 21.0.6+7-LTS)
# Java VM: OpenJDK 64-Bit Server VM Temurin-21.0.6+7 (21.0.6+7-LTS, mixed mode, sharing, tiered, compressed oops, compressed class ptrs, parallel gc, windows-amd64)
GC Precious Log:
 CardTable entry size: 512
 CPUs: 8 total, 8 available
 Memory: 24454M
 Large Page Support: Disabled
 NUMA Support: Disabled
 Compressed Oops: Enabled (32-bit)
 Alignments: Space 512K, Generation 512K, Heap 2M
 Heap Min Capacity: 100M
 Heap Initial Capacity: 100M
 Heap Max Capacity: 1G
 Pre-touch: Disabled
 Parallel Workers: 8
Heap:
 PSYoungGen      total 6144K, used 224K [0x00000000eab00000, 0x00000000eb280000, 0x0000000100000000)
  eden space 5632K, 0% used [0x00000000eab00000,0x00000000eab00000,0x00000000eb080000)
  from space 512K, 43% used [0x00000000eb200000,0x00000000eb238000,0x00000000eb280000)
  to   space 512K, 0% used [0x00000000eb180000,0x00000000eb180000,0x00000000eb200000)
 ParOldGen       total 653312K, used 653030K [0x00000000c0000000, 0x00000000e7e00000, 0x00000000eab00000)
  object space 653312K, 99% used [0x00000000c0000000,0x00000000e7db98b0,0x00000000e7e00000)
 Metaspace       used 80237K, committed 82112K, reserved 1179648K
  class space    used 8313K, committed 9088K, reserved 1048576K
GC Heap History (20 events):
Event: 6627.465 GC heap after
{Heap after GC invocations=1802 (full 3):
 PSYoungGen      total 6144K, used 496K [0x00000000eab00000, 0x00000000eb280000, 0x0000000100000000)
  eden space 5632K, 0% used [0x00000000eab00000,0x00000000eab00000,0x00000000eb080000)
  from space 512K, 96% used [0x00000000eb180000,0x00000000eb1fc010,0x00000000eb200000)
  to   space 512K, 0% used [0x00000000eb200000,0x00000000eb200000,0x00000000eb280000)
 ParOldGen       total 650240K, used 649756K [0x00000000c0000000, 0x00000000e7b00000, 0x00000000eab00000)
  object space 650240K, 99% used [0x00000000c0000000,0x00000000e7a871e8,0x00000000e7b00000)
 Metaspace       used 80130K, committed 81984K, reserved 1179648K
  class space    used 8306K, committed 9088K, reserved 1048576K
}
Event: 6627.664 GC heap before
{Heap before GC invocations=1803 (full 3):
 PSYoungGen      total 6144K, used 6111K [0x00000000eab00000, 0x00000000eb280000, 0x0000000100000000)
  eden space 5632K, 99% used [0x00000000eab00000,0x00000000eb07bcd0,0x00000000eb080000)
  from space 512K, 96% used [0x00000000eb180000,0x00000000eb1fc010,0x00000000eb200000)
  to   space 512K, 0% used [0x00000000eb200000,0x00000000eb200000,0x00000000eb280000)
 ParOldGen       total 650240K, used 649756K [0x00000000c0000000, 0x00000000e7b00000, 0x00000000eab00000)
  object space 650240K, 99% used [0x00000000c0000000,0x00000000e7a871e8,0x00000000e7b00000)
 Metaspace       used 80134K, committed 81984K, reserved 1179648K
  class space    used 8306K, committed 9088K, reserved 1048576K
}
Event: 6627.666 GC heap after
{Heap after GC invocations=1803 (full 3):
 PSYoungGen      total 6144K, used 419K [0x00000000eab00000, 0x00000000eb280000, 0x0000000100000000)
  eden space 5632K, 0% used [0x00000000eab00000,0x00000000eab00000,0x00000000eb080000)
  from space 512K, 81% used [0x00000000eb200000,0x00000000eb268cf0,0x00000000eb280000)
  to   space 512K, 0% used [0x00000000eb180000,0x00000000eb180000,0x00000000eb200000)
 ParOldGen       total 650752K, used 650252K [0x00000000c0000000, 0x00000000e7b80000, 0x00000000eab00000)
  object space 650752K, 99% used [0x00000000c0000000,0x00000000e7b031f8,0x00000000e7b80000)
 Metaspace       used 80134K, committed 81984K, reserved 1179648K
  class space    used 8306K, committed 9088K, reserved 1048576K
}
Event: 6629.450 GC heap before
{Heap before GC invocations=1804 (full 3):
 PSYoungGen      total 6144K, used 6051K [0x00000000eab00000, 0x00000000eb280000, 0x0000000100000000)
  eden space 5632K, 100% used [0x00000000eab00000,0x00000000eb080000,0x00000000eb080000)
  from space 512K, 81% used [0x00000000eb200000,0x00000000eb268cf0,0x00000000eb280000)
  to   space 512K, 0% used [0x00000000eb180000,0x00000000eb180000,0x00000000eb200000)
 ParOldGen       total 650752K, used 650252K [0x00000000c0000000, 0x00000000e7b80000, 0x00000000eab00000)
  object space 650752K, 99% used [0x00000000c0000000,0x00000000e7b031f8,0x00000000e7b80000)
 Metaspace       used 80135K, committed 81984K, reserved 1179648K
  class space    used 8306K, committed 9088K, reserved 1048576K
}
Event: 6629.454 GC heap after
{Heap after GC invocations=1804 (full 3):
 PSYoungGen      total 6144K, used 256K [0x00000000eab00000, 0x00000000eb280000, 0x0000000100000000)
  eden space 5632K, 0% used [0x00000000eab00000,0x00000000eab00000,0x00000000eb080000)
  from space 512K, 50% used [0x00000000eb180000,0x00000000eb1c0000,0x00000000eb200000)
  to   space 512K, 0% used [0x00000000eb200000,0x00000000eb200000,0x00000000eb280000)
 ParOldGen       total 650752K, used 650324K [0x00000000c0000000, 0x00000000e7b80000, 0x00000000eab00000)
  object space 650752K, 99% used [0x00000000c0000000,0x00000000e7b151f8,0x00000000e7b80000)
 Metaspace       used 80135K, committed 81984K, reserved 1179648K
  class space    used 8306K, committed 9088K, reserved 1048576K
}
Event: 6634.052 GC heap before
{Heap before GC invocations=1805 (full 3):
 PSYoungGen      total 6144K, used 5888K [0x00000000eab00000, 0x00000000eb280000, 0x0000000100000000)
  eden space 5632K, 100% used [0x00000000eab00000,0x00000000eb080000,0x00000000eb080000)
  from space 512K, 50% used [0x00000000eb180000,0x00000000eb1c0000,0x00000000eb200000)
  to   space 512K, 0% used [0x00000000eb200000,0x00000000eb200000,0x00000000eb280000)
 ParOldGen       total 650752K, used 650324K [0x00000000c0000000, 0x00000000e7b80000, 0x00000000eab00000)
  object space 650752K, 99% used [0x00000000c0000000,0x00000000e7b151f8,0x00000000e7b80000)
 Metaspace       used 80156K, committed 81984K, reserved 1179648K
  class space    used 8307K, committed 9088K, reserved 1048576K
}
Event: 6634.054 GC heap after
{Heap after GC invocations=1805 (full 3):
 PSYoungGen      total 6144K, used 224K [0x00000000eab00000, 0x00000000eb280000, 0x0000000100000000)
  eden space 5632K, 0% used [0x00000000eab00000,0x00000000eab00000,0x00000000eb080000)
  from space 512K, 43% used [0x00000000eb200000,0x00000000eb238000,0x00000000eb280000)
  to   space 512K, 0% used [0x00000000eb180000,0x00000000eb180000,0x00000000eb200000)
 ParOldGen       total 650752K, used 650404K [0x00000000c0000000, 0x00000000e7b80000, 0x00000000eab00000)
  object space 650752K, 99% used [0x00000000c0000000,0x00000000e7b291f8,0x00000000e7b80000)
 Metaspace       used 80156K, committed 81984K, reserved 1179648K
  class space    used 8307K, committed 9088K, reserved 1048576K
}
Event: 6634.081 GC heap before
{Heap before GC invocations=1806 (full 3):
 PSYoungGen      total 6144K, used 5856K [0x00000000eab00000, 0x00000000eb280000, 0x0000000100000000)
  eden space 5632K, 100% used [0x00000000eab00000,0x00000000eb080000,0x00000000eb080000)
  from space 512K, 43% used [0x00000000eb200000,0x00000000eb238000,0x00000000eb280000)
  to   space 512K, 0% used [0x00000000eb180000,0x00000000eb180000,0x00000000eb200000)
 ParOldGen       total 650752K, used 650404K [0x00000000c0000000, 0x00000000e7b80000, 0x00000000eab00000)
  object space 650752K, 99% used [0x00000000c0000000,0x00000000e7b291f8,0x00000000e7b80000)
 Metaspace       used 80166K, committed 81984K, reserved 1179648K
  class space    used 8307K, committed 9088K, reserved 1048576K
}
Event: 6634.083 GC heap after
{Heap after GC invocations=1806 (full 3):
 PSYoungGen      total 6144K, used 441K [0x00000000eab00000, 0x00000000eb280000, 0x0000000100000000)
  eden space 5632K, 0% used [0x00000000eab00000,0x00000000eab00000,0x00000000eb080000)
  from space 512K, 86% used [0x00000000eb180000,0x00000000eb1ee410,0x00000000eb200000)
  to   space 512K, 0% used [0x00000000eb200000,0x00000000eb200000,0x00000000eb280000)
 ParOldGen       total 650752K, used 650452K [0x00000000c0000000, 0x00000000e7b80000, 0x00000000eab00000)
  object space 650752K, 99% used [0x00000000c0000000,0x00000000e7b351f8,0x00000000e7b80000)
 Metaspace       used 80166K, committed 81984K, reserved 1179648K
  class space    used 8307K, committed 9088K, reserved 1048576K
}
Event: 6634.091 GC heap before
{Heap before GC invocations=1807 (full 3):
 PSYoungGen      total 6144K, used 6073K [0x00000000eab00000, 0x00000000eb280000, 0x0000000100000000)
  eden space 5632K, 100% used [0x00000000eab00000,0x00000000eb080000,0x00000000eb080000)
  from space 512K, 86% used [0x00000000eb180000,0x00000000eb1ee410,0x00000000eb200000)
  to   space 512K, 0% used [0x00000000eb200000,0x00000000eb200000,0x00000000eb280000)
 ParOldGen       total 650752K, used 650452K [0x00000000c0000000, 0x00000000e7b80000, 0x00000000eab00000)
  object space 650752K, 99% used [0x00000000c0000000,0x00000000e7b351f8,0x00000000e7b80000)
 Metaspace       used 80168K, committed 82048K, reserved 1179648K
  class space    used 8307K, committed 9088K, reserved 1048576K
}
Event: 6634.093 GC heap after
{Heap after GC invocations=1807 (full 3):
 PSYoungGen      total 6144K, used 472K [0x00000000eab00000, 0x00000000eb280000, 0x0000000100000000)
  eden space 5632K, 0% used [0x00000000eab00000,0x00000000eab00000,0x00000000eb080000)
  from space 512K, 92% used [0x00000000eb200000,0x00000000eb276310,0x00000000eb280000)
  to   space 512K, 0% used [0x00000000eb180000,0x00000000eb180000,0x00000000eb200000)
 ParOldGen       total 650752K, used 650737K [0x00000000c0000000, 0x00000000e7b80000, 0x00000000eab00000)
  object space 650752K, 99% used [0x00000000c0000000,0x00000000e7b7c408,0x00000000e7b80000)
 Metaspace       used 80168K, committed 82048K, reserved 1179648K
  class space    used 8307K, committed 9088K, reserved 1048576K
}
Event: 6634.119 GC heap before
{Heap before GC invocations=1808 (full 3):
 PSYoungGen      total 6144K, used 6104K [0x00000000eab00000, 0x00000000eb280000, 0x0000000100000000)
  eden space 5632K, 100% used [0x00000000eab00000,0x00000000eb080000,0x00000000eb080000)
  from space 512K, 92% used [0x00000000eb200000,0x00000000eb276310,0x00000000eb280000)
  to   space 512K, 0% used [0x00000000eb180000,0x00000000eb180000,0x00000000eb200000)
 ParOldGen       total 650752K, used 650737K [0x00000000c0000000, 0x00000000e7b80000, 0x00000000eab00000)
  object space 650752K, 99% used [0x00000000c0000000,0x00000000e7b7c408,0x00000000e7b80000)
 Metaspace       used 80204K, committed 82112K, reserved 1179648K
  class space    used 8310K, committed 9088K, reserved 1048576K
}
Event: 6634.121 GC heap after
{Heap after GC invocations=1808 (full 3):
 PSYoungGen      total 6144K, used 494K [0x00000000eab00000, 0x00000000eb480000, 0x0000000100000000)
  eden space 5632K, 0% used [0x00000000eab00000,0x00000000eab00000,0x00000000eb080000)
  from space 512K, 96% used [0x00000000eb180000,0x00000000eb1fb8d0,0x00000000eb200000)
  to   space 2048K, 0% used [0x00000000eb280000,0x00000000eb280000,0x00000000eb480000)
 ParOldGen       total 652288K, used 652029K [0x00000000c0000000, 0x00000000e7d00000, 0x00000000eab00000)
  object space 652288K, 99% used [0x00000000c0000000,0x00000000e7cbf5a0,0x00000000e7d00000)
 Metaspace       used 80204K, committed 82112K, reserved 1179648K
  class space    used 8310K, committed 9088K, reserved 1048576K
}
Event: 6634.138 GC heap before
{Heap before GC invocations=1809 (full 3):
 PSYoungGen      total 6144K, used 6115K [0x00000000eab00000, 0x00000000eb480000, 0x0000000100000000)
  eden space 5632K, 99% used [0x00000000eab00000,0x00000000eb07d710,0x00000000eb080000)
  from space 512K, 96% used [0x00000000eb180000,0x00000000eb1fb8d0,0x00000000eb200000)
  to   space 2048K, 0% used [0x00000000eb280000,0x00000000eb280000,0x00000000eb480000)
 ParOldGen       total 652288K, used 652029K [0x00000000c0000000, 0x00000000e7d00000, 0x00000000eab00000)
  object space 652288K, 99% used [0x00000000c0000000,0x00000000e7cbf5a0,0x00000000e7d00000)
 Metaspace       used 80237K, committed 82112K, reserved 1179648K
  class space    used 8313K, committed 9088K, reserved 1048576K
}
Event: 6634.140 GC heap after
{Heap after GC invocations=1809 (full 3):
 PSYoungGen      total 6144K, used 504K [0x00000000eab00000, 0x00000000eb300000, 0x0000000100000000)
  eden space 5632K, 0% used [0x00000000eab00000,0x00000000eab00000,0x00000000eb080000)
  from space 512K, 98% used [0x00000000eb280000,0x00000000eb2fe0a8,0x00000000eb300000)
  to   space 1024K, 0% used [0x00000000eb100000,0x00000000eb100000,0x00000000eb200000)
 ParOldGen       total 652800K, used 652355K [0x00000000c0000000, 0x00000000e7d80000, 0x00000000eab00000)
  object space 652800K, 99% used [0x00000000c0000000,0x00000000e7d10e58,0x00000000e7d80000)
 Metaspace       used 80237K, committed 82112K, reserved 1179648K
  class space    used 8313K, committed 9088K, reserved 1048576K
}
Event: 6634.153 GC heap before
{Heap before GC invocations=1810 (full 3):
 PSYoungGen      total 6144K, used 6134K [0x00000000eab00000, 0x00000000eb300000, 0x0000000100000000)
  eden space 5632K, 99% used [0x00000000eab00000,0x00000000eb07f880,0x00000000eb080000)
  from space 512K, 98% used [0x00000000eb280000,0x00000000eb2fe0a8,0x00000000eb300000)
  to   space 1024K, 0% used [0x00000000eb100000,0x00000000eb100000,0x00000000eb200000)
 ParOldGen       total 652800K, used 652355K [0x00000000c0000000, 0x00000000e7d80000, 0x00000000eab00000)
  object space 652800K, 99% used [0x00000000c0000000,0x00000000e7d10e58,0x00000000e7d80000)
 Metaspace       used 80237K, committed 82112K, reserved 1179648K
  class space    used 8313K, committed 9088K, reserved 1048576K
}
Event: 6634.155 GC heap after
{Heap after GC invocations=1810 (full 3):
 PSYoungGen      total 6656K, used 632K [0x00000000eab00000, 0x00000000eb300000, 0x0000000100000000)
  eden space 5632K, 0% used [0x00000000eab00000,0x00000000eab00000,0x00000000eb080000)
  from space 1024K, 61% used [0x00000000eb100000,0x00000000eb19e018,0x00000000eb200000)
  to   space 1024K, 0% used [0x00000000eb200000,0x00000000eb200000,0x00000000eb300000)
 ParOldGen       total 652800K, used 652627K [0x00000000c0000000, 0x00000000e7d80000, 0x00000000eab00000)
  object space 652800K, 99% used [0x00000000c0000000,0x00000000e7d54fa0,0x00000000e7d80000)
 Metaspace       used 80237K, committed 82112K, reserved 1179648K
  class space    used 8313K, committed 9088K, reserved 1048576K
}
Event: 6634.166 GC heap before
{Heap before GC invocations=1811 (full 3):
 PSYoungGen      total 6656K, used 3785K [0x00000000eab00000, 0x00000000eb300000, 0x0000000100000000)
  eden space 5632K, 56% used [0x00000000eab00000,0x00000000eae147d8,0x00000000eb080000)
  from space 1024K, 61% used [0x00000000eb100000,0x00000000eb19e018,0x00000000eb200000)
  to   space 1024K, 0% used [0x00000000eb200000,0x00000000eb200000,0x00000000eb300000)
 ParOldGen       total 652800K, used 652627K [0x00000000c0000000, 0x00000000e7d80000, 0x00000000eab00000)
  object space 652800K, 99% used [0x00000000c0000000,0x00000000e7d54fa0,0x00000000e7d80000)
 Metaspace       used 80237K, committed 82112K, reserved 1179648K
  class space    used 8313K, committed 9088K, reserved 1048576K
}
Event: 6634.167 GC heap after
{Heap after GC invocations=1811 (full 3):
 PSYoungGen      total 6144K, used 224K [0x00000000eab00000, 0x00000000eb280000, 0x0000000100000000)
  eden space 5632K, 0% used [0x00000000eab00000,0x00000000eab00000,0x00000000eb080000)
  from space 512K, 43% used [0x00000000eb200000,0x00000000eb238000,0x00000000eb280000)
  to   space 512K, 0% used [0x00000000eb180000,0x00000000eb180000,0x00000000eb200000)
 ParOldGen       total 653312K, used 653030K [0x00000000c0000000, 0x00000000e7e00000, 0x00000000eab00000)
  object space 653312K, 99% used [0x00000000c0000000,0x00000000e7db98b0,0x00000000e7e00000)
 Metaspace       used 80237K, committed 82112K, reserved 1179648K
  class space    used 8313K, committed 9088K, reserved 1048576K
}
Event: 6634.167 GC heap before
{Heap before GC invocations=1812 (full 4):
 PSYoungGen      total 6144K, used 224K [0x00000000eab00000, 0x00000000eb280000, 0x0000000100000000)
  eden space 5632K, 0% used [0x00000000eab00000,0x00000000eab00000,0x00000000eb080000)
  from space 512K, 43% used [0x00000000eb200000,0x00000000eb238000,0x00000000eb280000)
  to   space 512K, 0% used [0x00000000eb180000,0x00000000eb180000,0x00000000eb200000)
 ParOldGen       total 653312K, used 653030K [0x00000000c0000000, 0x00000000e7e00000, 0x00000000eab00000)
  object space 653312K, 99% used [0x00000000c0000000,0x00000000e7db98b0,0x00000000e7e00000)
 Metaspace       used 80237K, committed 82112K, reserved 1179648K
  class space    used 8313K, committed 9088K, reserved 1048576K
}

